[INFO]-[2021/09/01 10:01:19] Cloning: 1630490460291's clone job's data is not in database, generating data
[INFO]-[2021/09/01 10:01:20] DB Copy: Creating table wpstg0_actionscheduler_actions
[INFO]-[2021/09/01 10:01:20] DB Copy: Table wp_actionscheduler_actions contains 11 rows 
[INFO]-[2021/09/01 10:01:20] DB Copy: wp_actionscheduler_actions as wpstg0_actionscheduler_actions from 0 to 10000 records
[INFO]-[2021/09/01 10:01:21] DB Copy: Creating table wpstg0_actionscheduler_claims
[INFO]-[2021/09/01 10:01:21] DB Copy: Table wp_actionscheduler_claims contains 0 rows 
[INFO]-[2021/09/01 10:01:21] DB Copy: Creating table wpstg0_actionscheduler_groups
[INFO]-[2021/09/01 10:01:21] DB Copy: Table wp_actionscheduler_groups contains 2 rows 
[INFO]-[2021/09/01 10:01:21] DB Copy: wp_actionscheduler_groups as wpstg0_actionscheduler_groups from 0 to 10000 records
[INFO]-[2021/09/01 10:01:21] DB Copy: Creating table wpstg0_actionscheduler_logs
[INFO]-[2021/09/01 10:01:21] DB Copy: Table wp_actionscheduler_logs contains 25 rows 
[INFO]-[2021/09/01 10:01:21] DB Copy: wp_actionscheduler_logs as wpstg0_actionscheduler_logs from 0 to 10000 records
[INFO]-[2021/09/01 10:01:21] DB Copy: Creating table wpstg0_ce4wp_contacts
[INFO]-[2021/09/01 10:01:21] DB Copy: Table wp_ce4wp_contacts contains 0 rows 
[INFO]-[2021/09/01 10:01:22] DB Copy: Creating table wpstg0_commentmeta
[INFO]-[2021/09/01 10:01:22] DB Copy: Table wp_commentmeta contains 0 rows 
[INFO]-[2021/09/01 10:01:22] DB Copy: Creating table wpstg0_comments
[INFO]-[2021/09/01 10:01:22] DB Copy: Table wp_comments contains 1 rows 
[INFO]-[2021/09/01 10:01:22] DB Copy: wp_comments as wpstg0_comments from 0 to 10000 records
[INFO]-[2021/09/01 10:01:22] DB Copy: Creating table wpstg0_duplicator_packages
[INFO]-[2021/09/01 10:01:22] DB Copy: Table wp_duplicator_packages contains 6 rows 
[INFO]-[2021/09/01 10:01:22] DB Copy: wp_duplicator_packages as wpstg0_duplicator_packages from 0 to 10000 records
[INFO]-[2021/09/01 10:01:23] DB Copy: Creating table wpstg0_links
[INFO]-[2021/09/01 10:01:23] DB Copy: Table wp_links contains 0 rows 
[INFO]-[2021/09/01 10:01:23] DB Copy: Creating table wpstg0_options
[INFO]-[2021/09/01 10:01:23] DB Copy: Table wp_options contains 604 rows 
[INFO]-[2021/09/01 10:01:23] DB Copy: wp_options as wpstg0_options from 0 to 10000 records
[INFO]-[2021/09/01 10:01:23] DB Copy: Creating table wpstg0_postmeta
[INFO]-[2021/09/01 10:01:23] DB Copy: Table wp_postmeta contains 5925 rows 
[INFO]-[2021/09/01 10:01:23] DB Copy: wp_postmeta as wpstg0_postmeta from 0 to 10000 records
[INFO]-[2021/09/01 10:01:24] DB Copy: Creating table wpstg0_posts
[INFO]-[2021/09/01 10:01:24] DB Copy: Table wp_posts contains 938 rows 
[INFO]-[2021/09/01 10:01:24] DB Copy: wp_posts as wpstg0_posts from 0 to 10000 records
[INFO]-[2021/09/01 10:01:24] DB Copy: Creating table wpstg0_snowball_articles
[INFO]-[2021/09/01 10:01:24] DB Copy: Table wp_snowball_articles contains 0 rows 
[INFO]-[2021/09/01 10:01:25] DB Copy: Creating table wpstg0_snowball_blocks
[INFO]-[2021/09/01 10:01:25] DB Copy: Table wp_snowball_blocks contains 0 rows 
[INFO]-[2021/09/01 10:01:25] DB Copy: Creating table wpstg0_term_relationships
[INFO]-[2021/09/01 10:01:25] DB Copy: Table wp_term_relationships contains 17 rows 
[INFO]-[2021/09/01 10:01:25] DB Copy: wp_term_relationships as wpstg0_term_relationships from 0 to 10000 records
[INFO]-[2021/09/01 10:01:25] DB Copy: Creating table wpstg0_term_taxonomy
[INFO]-[2021/09/01 10:01:25] DB Copy: Table wp_term_taxonomy contains 5 rows 
[INFO]-[2021/09/01 10:01:25] DB Copy: wp_term_taxonomy as wpstg0_term_taxonomy from 0 to 10000 records
[INFO]-[2021/09/01 10:01:25] DB Copy: Creating table wpstg0_termmeta
[INFO]-[2021/09/01 10:01:25] DB Copy: Table wp_termmeta contains 0 rows 
[INFO]-[2021/09/01 10:01:26] DB Copy: Creating table wpstg0_terms
[INFO]-[2021/09/01 10:01:26] DB Copy: Table wp_terms contains 5 rows 
[INFO]-[2021/09/01 10:01:26] DB Copy: wp_terms as wpstg0_terms from 0 to 10000 records
[INFO]-[2021/09/01 10:01:26] DB Copy: Creating table wpstg0_updraftcentral_site_temporary_keys
[INFO]-[2021/09/01 10:01:26] DB Copy: Table wp_updraftcentral_site_temporary_keys contains 0 rows 
[INFO]-[2021/09/01 10:01:26] DB Copy: Creating table wpstg0_updraftcentral_sitemeta
[INFO]-[2021/09/01 10:01:26] DB Copy: Table wp_updraftcentral_sitemeta contains 0 rows 
[INFO]-[2021/09/01 10:01:27] DB Copy: Creating table wpstg0_updraftcentral_sites
[INFO]-[2021/09/01 10:01:27] DB Copy: Table wp_updraftcentral_sites contains 0 rows 
[INFO]-[2021/09/01 10:01:27] DB Copy: Creating table wpstg0_updraftcentral_user_cron
[INFO]-[2021/09/01 10:01:27] DB Copy: Table wp_updraftcentral_user_cron contains 1 rows 
[INFO]-[2021/09/01 10:01:27] DB Copy: wp_updraftcentral_user_cron as wpstg0_updraftcentral_user_cron from 0 to 10000 records
[INFO]-[2021/09/01 10:01:27] DB Copy: Creating table wpstg0_usermeta
[INFO]-[2021/09/01 10:01:27] DB Copy: Table wp_usermeta contains 29 rows 
[INFO]-[2021/09/01 10:01:27] DB Copy: wp_usermeta as wpstg0_usermeta from 0 to 10000 records
[INFO]-[2021/09/01 10:01:27] DB Copy: Creating table wpstg0_users
[INFO]-[2021/09/01 10:01:27] DB Copy: Table wp_users contains 1 rows 
[INFO]-[2021/09/01 10:01:27] DB Copy: wp_users as wpstg0_users from 0 to 10000 records
[INFO]-[2021/09/01 10:01:28] DB Copy: Creating table wpstg0_wpdatacharts
[INFO]-[2021/09/01 10:01:28] DB Copy: Table wp_wpdatacharts contains 0 rows 
[INFO]-[2021/09/01 10:01:28] DB Copy: Creating table wpstg0_wpdatatables
[INFO]-[2021/09/01 10:01:28] DB Copy: Table wp_wpdatatables contains 1 rows 
[INFO]-[2021/09/01 10:01:28] DB Copy: wp_wpdatatables as wpstg0_wpdatatables from 0 to 10000 records
[INFO]-[2021/09/01 10:01:28] DB Copy: Creating table wpstg0_wpdatatables_columns
[INFO]-[2021/09/01 10:01:28] DB Copy: Table wp_wpdatatables_columns contains 3 rows 
[INFO]-[2021/09/01 10:01:28] DB Copy: wp_wpdatatables_columns as wpstg0_wpdatatables_columns from 0 to 10000 records
[INFO]-[2021/09/01 10:01:28] DB Copy: Creating table wpstg0_wpdatatables_rows
[INFO]-[2021/09/01 10:01:29] DB Copy: Table wp_wpdatatables_rows contains 0 rows 
[INFO]-[2021/09/01 10:01:29] DB Copy: Creating table wpstg0_wpforms_tasks_meta
[INFO]-[2021/09/01 10:01:29] DB Copy: Table wp_wpforms_tasks_meta contains 6 rows 
[INFO]-[2021/09/01 10:01:29] DB Copy: wp_wpforms_tasks_meta as wpstg0_wpforms_tasks_meta from 0 to 10000 records
[INFO]-[2021/09/01 10:01:30] DB Search & Replace:  Table wpstg0_actionscheduler_actions 0 to 20000 records
[INFO]-[2021/09/01 10:01:30] DB Search & Replace:  Table wpstg0_actionscheduler_groups 0 to 20000 records
[INFO]-[2021/09/01 10:01:30] DB Search & Replace:  Table wpstg0_actionscheduler_logs 0 to 20000 records
[INFO]-[2021/09/01 10:01:31] DB Search & Replace:  Table wpstg0_comments 0 to 20000 records
[INFO]-[2021/09/01 10:01:31] DB Search & Replace:  Table wpstg0_duplicator_packages 0 to 20000 records
[INFO]-[2021/09/01 10:01:32] DB Search & Replace:  Table wpstg0_options 0 to 20000 records
[INFO]-[2021/09/01 10:01:32] DB Search & Replace:  Table wpstg0_postmeta 0 to 20000 records
[INFO]-[2021/09/01 10:01:35] DB Search & Replace:  Table wpstg0_posts 0 to 20000 records
[INFO]-[2021/09/01 10:01:37] DB Search & Replace:  Table wpstg0_term_relationships 0 to 20000 records
[INFO]-[2021/09/01 10:01:37] DB Search & Replace:  Table wpstg0_term_taxonomy 0 to 20000 records
[INFO]-[2021/09/01 10:01:38] DB Search & Replace:  Table wpstg0_terms 0 to 20000 records
[INFO]-[2021/09/01 10:01:39] DB Search & Replace:  Table wpstg0_updraftcentral_user_cron 0 to 20000 records
[INFO]-[2021/09/01 10:01:39] DB Search & Replace:  Table wpstg0_usermeta 0 to 20000 records
[INFO]-[2021/09/01 10:01:39] DB Search & Replace:  Table wpstg0_users 0 to 20000 records
[INFO]-[2021/09/01 10:01:40] DB Search & Replace:  Table wpstg0_wpdatatables 0 to 20000 records
[INFO]-[2021/09/01 10:01:40] DB Search & Replace:  Table wpstg0_wpdatatables_columns 0 to 20000 records
[INFO]-[2021/09/01 10:01:41] DB Search & Replace:  Table wpstg0_wpforms_tasks_meta 0 to 20000 records
[INFO]-[2021/09/01 10:01:42] Scanning / for its files
[INFO]-[2021/09/01 10:01:42] Scanning wp-content/plugins and its sub-directories and files
[INFO]-[2021/09/01 10:01:43] Scanning wp-content/mu-plugins and its sub-directories and files
[INFO]-[2021/09/01 10:01:43] Scanning wp-content/themes and its sub-directories and files
[INFO]-[2021/09/01 10:01:44] Scanning wp-content/uploads/ and its sub-directories and files
[INFO]-[2021/09/01 10:01:44] Scanning wp-content for other directories
[INFO]-[2021/09/01 10:01:44] Scanning wp-includes for its sub-directories and files
[INFO]-[2021/09/01 10:01:44] Scanning wp-admin for its sub-directories and files
[INFO]-[2021/09/01 10:01:45] Scanning licenses for its sub-directories and files
[INFO]-[2021/09/01 10:01:45] Scanning tmp for its sub-directories and files
[INFO]-[2021/09/01 10:01:46] Copying files...
[INFO]-[2021/09/01 10:01:46] Total 50 files processed
[INFO]-[2021/09/01 10:01:46] Total 100 files processed
[INFO]-[2021/09/01 10:01:46] Total 150 files processed
[INFO]-[2021/09/01 10:01:46] Total 200 files processed
[INFO]-[2021/09/01 10:01:47] Total 250 files processed
[INFO]-[2021/09/01 10:01:47] Total 300 files processed
[INFO]-[2021/09/01 10:01:47] Total 350 files processed
[INFO]-[2021/09/01 10:01:48] Total 400 files processed
[INFO]-[2021/09/01 10:01:48] Total 450 files processed
[INFO]-[2021/09/01 10:01:48] Total 500 files processed
[INFO]-[2021/09/01 10:01:48] Total 550 files processed
[INFO]-[2021/09/01 10:01:49] Total 600 files processed
[INFO]-[2021/09/01 10:01:49] Total 650 files processed
[INFO]-[2021/09/01 10:01:49] Total 700 files processed
[INFO]-[2021/09/01 10:01:50] Total 750 files processed
[INFO]-[2021/09/01 10:01:50] Total 800 files processed
[INFO]-[2021/09/01 10:01:50] Total 850 files processed
[INFO]-[2021/09/01 10:01:50] Total 900 files processed
[INFO]-[2021/09/01 10:01:51] Total 950 files processed
[INFO]-[2021/09/01 10:01:51] Total 1000 files processed
[INFO]-[2021/09/01 10:01:51] Total 1050 files processed
[INFO]-[2021/09/01 10:01:52] Total 1100 files processed
[INFO]-[2021/09/01 10:01:52] Total 1150 files processed
[INFO]-[2021/09/01 10:01:52] Total 1200 files processed
[INFO]-[2021/09/01 10:01:53] Total 1250 files processed
[INFO]-[2021/09/01 10:01:53] Total 1300 files processed
[INFO]-[2021/09/01 10:01:53] Total 1350 files processed
[INFO]-[2021/09/01 10:01:54] Total 1400 files processed
[INFO]-[2021/09/01 10:01:54] Total 1450 files processed
[INFO]-[2021/09/01 10:01:54] Total 1500 files processed
[INFO]-[2021/09/01 10:01:55] Total 1550 files processed
[INFO]-[2021/09/01 10:01:55] Total 1600 files processed
[INFO]-[2021/09/01 10:01:55] Total 1650 files processed
[INFO]-[2021/09/01 10:01:55] Total 1700 files processed
[INFO]-[2021/09/01 10:01:56] Total 1750 files processed
[INFO]-[2021/09/01 10:01:56] Total 1800 files processed
[INFO]-[2021/09/01 10:01:56] Total 1850 files processed
[INFO]-[2021/09/01 10:01:57] Total 1900 files processed
[INFO]-[2021/09/01 10:01:57] Total 1950 files processed
[INFO]-[2021/09/01 10:01:57] Total 2000 files processed
[INFO]-[2021/09/01 10:01:57] Total 2050 files processed
[INFO]-[2021/09/01 10:01:58] Total 2100 files processed
[INFO]-[2021/09/01 10:01:58] Total 2150 files processed
[INFO]-[2021/09/01 10:01:58] Total 2200 files processed
[INFO]-[2021/09/01 10:01:59] Total 2250 files processed
[INFO]-[2021/09/01 10:01:59] Total 2300 files processed
[INFO]-[2021/09/01 10:01:59] Total 2350 files processed
[INFO]-[2021/09/01 10:02:00] Total 2400 files processed
[INFO]-[2021/09/01 10:02:00] Total 2450 files processed
[INFO]-[2021/09/01 10:02:00] Total 2500 files processed
[INFO]-[2021/09/01 10:02:00] Total 2550 files processed
[INFO]-[2021/09/01 10:02:01] Total 2600 files processed
[INFO]-[2021/09/01 10:02:01] Total 2650 files processed
[INFO]-[2021/09/01 10:02:01] Total 2700 files processed
[INFO]-[2021/09/01 10:02:02] Total 2750 files processed
[INFO]-[2021/09/01 10:02:02] Total 2800 files processed
[INFO]-[2021/09/01 10:02:02] Total 2850 files processed
[INFO]-[2021/09/01 10:02:02] Total 2900 files processed
[INFO]-[2021/09/01 10:02:03] Total 2950 files processed
[INFO]-[2021/09/01 10:02:03] Total 3000 files processed
[INFO]-[2021/09/01 10:02:03] Total 3050 files processed
[INFO]-[2021/09/01 10:02:04] Total 3100 files processed
[INFO]-[2021/09/01 10:02:04] Total 3150 files processed
[INFO]-[2021/09/01 10:02:04] Total 3200 files processed
[INFO]-[2021/09/01 10:02:05] Total 3250 files processed
[INFO]-[2021/09/01 10:02:05] Total 3300 files processed
[INFO]-[2021/09/01 10:02:05] Total 3350 files processed
[INFO]-[2021/09/01 10:02:05] Total 3400 files processed
[INFO]-[2021/09/01 10:02:06] Total 3450 files processed
[INFO]-[2021/09/01 10:02:06] Total 3500 files processed
[INFO]-[2021/09/01 10:02:06] Total 3550 files processed
[INFO]-[2021/09/01 10:02:07] Total 3600 files processed
[INFO]-[2021/09/01 10:02:07] Total 3650 files processed
[INFO]-[2021/09/01 10:02:07] Total 3700 files processed
[INFO]-[2021/09/01 10:02:07] Total 3750 files processed
[INFO]-[2021/09/01 10:02:08] Total 3800 files processed
[INFO]-[2021/09/01 10:02:08] Total 3850 files processed
[INFO]-[2021/09/01 10:02:08] Total 3900 files processed
[INFO]-[2021/09/01 10:02:09] Total 3950 files processed
[INFO]-[2021/09/01 10:02:09] Total 4000 files processed
[INFO]-[2021/09/01 10:02:09] Total 4050 files processed
[INFO]-[2021/09/01 10:02:10] Total 4100 files processed
[INFO]-[2021/09/01 10:02:10] Total 4150 files processed
[INFO]-[2021/09/01 10:02:10] Total 4200 files processed
[INFO]-[2021/09/01 10:02:10] Total 4250 files processed
[INFO]-[2021/09/01 10:02:11] Total 4300 files processed
[INFO]-[2021/09/01 10:02:11] Total 4350 files processed
[INFO]-[2021/09/01 10:02:11] Total 4400 files processed
[INFO]-[2021/09/01 10:02:12] Total 4450 files processed
[INFO]-[2021/09/01 10:02:12] Total 4500 files processed
[INFO]-[2021/09/01 10:02:12] Total 4550 files processed
[INFO]-[2021/09/01 10:02:12] Total 4600 files processed
[INFO]-[2021/09/01 10:02:13] Total 4650 files processed
[INFO]-[2021/09/01 10:02:13] Total 4700 files processed
[INFO]-[2021/09/01 10:02:13] Total 4750 files processed
[INFO]-[2021/09/01 10:02:14] Total 4800 files processed
[INFO]-[2021/09/01 10:02:14] Total 4850 files processed
[INFO]-[2021/09/01 10:02:14] Total 4900 files processed
[INFO]-[2021/09/01 10:02:15] Total 4950 files processed
[INFO]-[2021/09/01 10:02:15] Total 5000 files processed
[INFO]-[2021/09/01 10:02:15] Total 5050 files processed
[INFO]-[2021/09/01 10:02:15] Total 5100 files processed
[INFO]-[2021/09/01 10:02:16] Total 5150 files processed
[INFO]-[2021/09/01 10:02:16] Total 5200 files processed
[INFO]-[2021/09/01 10:02:16] Total 5250 files processed
[INFO]-[2021/09/01 10:02:17] Total 5300 files processed
[INFO]-[2021/09/01 10:02:17] Total 5350 files processed
[INFO]-[2021/09/01 10:02:17] Total 5400 files processed
[INFO]-[2021/09/01 10:02:17] Total 5450 files processed
[INFO]-[2021/09/01 10:02:18] Total 5500 files processed
[INFO]-[2021/09/01 10:02:18] Total 5550 files processed
[INFO]-[2021/09/01 10:02:18] Total 5600 files processed
[INFO]-[2021/09/01 10:02:19] Total 5650 files processed
[INFO]-[2021/09/01 10:02:19] Total 5700 files processed
[INFO]-[2021/09/01 10:02:19] Total 5750 files processed
[INFO]-[2021/09/01 10:02:20] Total 5800 files processed
[INFO]-[2021/09/01 10:02:20] Total 5850 files processed
[INFO]-[2021/09/01 10:02:20] Total 5900 files processed
[INFO]-[2021/09/01 10:02:20] Total 5950 files processed
[INFO]-[2021/09/01 10:02:21] Total 6000 files processed
[INFO]-[2021/09/01 10:02:21] Total 6050 files processed
[INFO]-[2021/09/01 10:02:21] Total 6100 files processed
[INFO]-[2021/09/01 10:02:22] Total 6150 files processed
[INFO]-[2021/09/01 10:02:22] Total 6200 files processed
[INFO]-[2021/09/01 10:02:22] Total 6250 files processed
[INFO]-[2021/09/01 10:02:22] Total 6300 files processed
[INFO]-[2021/09/01 10:02:23] Total 6350 files processed
[INFO]-[2021/09/01 10:02:23] Total 6400 files processed
[INFO]-[2021/09/01 10:02:24] Total 6450 files processed
[INFO]-[2021/09/01 10:02:24] Total 6500 files processed
[INFO]-[2021/09/01 10:02:24] Total 6550 files processed
[INFO]-[2021/09/01 10:02:24] Total 6600 files processed
[INFO]-[2021/09/01 10:02:25] Total 6650 files processed
[INFO]-[2021/09/01 10:02:25] Total 6700 files processed
[INFO]-[2021/09/01 10:02:25] Total 6750 files processed
[INFO]-[2021/09/01 10:02:26] Total 6800 files processed
[INFO]-[2021/09/01 10:02:26] Total 6850 files processed
[INFO]-[2021/09/01 10:02:26] Total 6900 files processed
[INFO]-[2021/09/01 10:02:26] Total 6950 files processed
[INFO]-[2021/09/01 10:02:27] Total 7000 files processed
[INFO]-[2021/09/01 10:02:27] Total 7050 files processed
[INFO]-[2021/09/01 10:02:27] Total 7100 files processed
[INFO]-[2021/09/01 10:02:28] Total 7150 files processed
[INFO]-[2021/09/01 10:02:28] Total 7200 files processed
[INFO]-[2021/09/01 10:02:28] Total 7250 files processed
[INFO]-[2021/09/01 10:02:29] Total 7300 files processed
[INFO]-[2021/09/01 10:02:29] Total 7350 files processed
[INFO]-[2021/09/01 10:02:29] Total 7400 files processed
[INFO]-[2021/09/01 10:02:29] Total 7450 files processed
[INFO]-[2021/09/01 10:02:30] Total 7500 files processed
[INFO]-[2021/09/01 10:02:30] Total 7550 files processed
[INFO]-[2021/09/01 10:02:30] Total 7600 files processed
[INFO]-[2021/09/01 10:02:31] Total 7650 files processed
[INFO]-[2021/09/01 10:02:31] Total 7700 files processed
[INFO]-[2021/09/01 10:02:31] Total 7750 files processed
[INFO]-[2021/09/01 10:02:32] Total 7800 files processed
[INFO]-[2021/09/01 10:02:32] Total 7850 files processed
[INFO]-[2021/09/01 10:02:32] Total 7900 files processed
[INFO]-[2021/09/01 10:02:33] Total 7950 files processed
[INFO]-[2021/09/01 10:02:33] Total 8000 files processed
[INFO]-[2021/09/01 10:02:33] Total 8050 files processed
[INFO]-[2021/09/01 10:02:33] Total 8100 files processed
[INFO]-[2021/09/01 10:02:34] Total 8150 files processed
[INFO]-[2021/09/01 10:02:34] Total 8200 files processed
[INFO]-[2021/09/01 10:02:34] Total 8250 files processed
[INFO]-[2021/09/01 10:02:35] Total 8300 files processed
[INFO]-[2021/09/01 10:02:35] Total 8350 files processed
[INFO]-[2021/09/01 10:02:35] Total 8400 files processed
[INFO]-[2021/09/01 10:02:35] Total 8450 files processed
[INFO]-[2021/09/01 10:02:36] Total 8500 files processed
[INFO]-[2021/09/01 10:02:36] Total 8550 files processed
[INFO]-[2021/09/01 10:02:36] Total 8600 files processed
[INFO]-[2021/09/01 10:02:37] Total 8650 files processed
[INFO]-[2021/09/01 10:02:37] Total 8700 files processed
[INFO]-[2021/09/01 10:02:37] Total 8750 files processed
[INFO]-[2021/09/01 10:02:38] Total 8800 files processed
[INFO]-[2021/09/01 10:02:38] Total 8850 files processed
[INFO]-[2021/09/01 10:02:38] Total 8900 files processed
[INFO]-[2021/09/01 10:02:38] Total 8950 files processed
[INFO]-[2021/09/01 10:02:39] Total 9000 files processed
[INFO]-[2021/09/01 10:02:39] Total 9050 files processed
[INFO]-[2021/09/01 10:02:39] Total 9100 files processed
[INFO]-[2021/09/01 10:02:40] Total 9150 files processed
[INFO]-[2021/09/01 10:02:40] Total 9200 files processed
[INFO]-[2021/09/01 10:02:40] Total 9250 files processed
[INFO]-[2021/09/01 10:02:40] Total 9300 files processed
[INFO]-[2021/09/01 10:02:41] Total 9350 files processed
[INFO]-[2021/09/01 10:02:41] Total 9400 files processed
[INFO]-[2021/09/01 10:02:41] Total 9450 files processed
[INFO]-[2021/09/01 10:02:41] Total 9500 files processed
[INFO]-[2021/09/01 10:02:42] Total 9550 files processed
[INFO]-[2021/09/01 10:02:42] Total 9600 files processed
[INFO]-[2021/09/01 10:02:42] Total 9650 files processed
[INFO]-[2021/09/01 10:02:43] Total 9700 files processed
[INFO]-[2021/09/01 10:02:43] Total 9750 files processed
[INFO]-[2021/09/01 10:02:43] Total 9800 files processed
[INFO]-[2021/09/01 10:02:44] Total 9850 files processed
[INFO]-[2021/09/01 10:02:44] Total 9900 files processed
[INFO]-[2021/09/01 10:02:44] Total 9950 files processed
[INFO]-[2021/09/01 10:02:44] Total 10000 files processed
[INFO]-[2021/09/01 10:02:45] Total 10050 files processed
[INFO]-[2021/09/01 10:02:45] Total 10100 files processed
[INFO]-[2021/09/01 10:02:45] Total 10150 files processed
[INFO]-[2021/09/01 10:02:46] Total 10200 files processed
[INFO]-[2021/09/01 10:02:46] Total 10250 files processed
[INFO]-[2021/09/01 10:02:46] Total 10300 files processed
[INFO]-[2021/09/01 10:02:46] Total 10350 files processed
[INFO]-[2021/09/01 10:02:47] Total 10400 files processed
[INFO]-[2021/09/01 10:02:47] Total 10450 files processed
[INFO]-[2021/09/01 10:02:47] Total 10500 files processed
[INFO]-[2021/09/01 10:02:48] Total 10550 files processed
[INFO]-[2021/09/01 10:02:48] Total 10600 files processed
[INFO]-[2021/09/01 10:02:48] Total 10650 files processed
[INFO]-[2021/09/01 10:02:49] Total 10700 files processed
[INFO]-[2021/09/01 10:02:49] Total 10750 files processed
[INFO]-[2021/09/01 10:02:49] Total 10800 files processed
[INFO]-[2021/09/01 10:02:49] Total 10850 files processed
[INFO]-[2021/09/01 10:02:50] Total 10900 files processed
[INFO]-[2021/09/01 10:02:50] Total 10950 files processed
[INFO]-[2021/09/01 10:02:50] Total 11000 files processed
[INFO]-[2021/09/01 10:02:51] Total 11050 files processed
[INFO]-[2021/09/01 10:02:51] Total 11100 files processed
[INFO]-[2021/09/01 10:02:51] Total 11150 files processed
[INFO]-[2021/09/01 10:02:52] Total 11200 files processed
[INFO]-[2021/09/01 10:02:52] Total 11250 files processed
[INFO]-[2021/09/01 10:02:52] Total 11300 files processed
[INFO]-[2021/09/01 10:02:52] Total 11350 files processed
[INFO]-[2021/09/01 10:02:53] Total 11400 files processed
[INFO]-[2021/09/01 10:02:53] Total 11450 files processed
[INFO]-[2021/09/01 10:02:54] Total 11500 files processed
[INFO]-[2021/09/01 10:02:54] Total 11550 files processed
[INFO]-[2021/09/01 10:02:54] Total 11600 files processed
[INFO]-[2021/09/01 10:02:54] Total 11650 files processed
[INFO]-[2021/09/01 10:02:55] Total 11700 files processed
[INFO]-[2021/09/01 10:02:55] Total 11750 files processed
[INFO]-[2021/09/01 10:02:55] Total 11800 files processed
[INFO]-[2021/09/01 10:02:56] Total 11850 files processed
[INFO]-[2021/09/01 10:02:56] Total 11900 files processed
[INFO]-[2021/09/01 10:02:56] Total 11950 files processed
[INFO]-[2021/09/01 10:02:57] Total 12000 files processed
[INFO]-[2021/09/01 10:02:57] Total 12050 files processed
[INFO]-[2021/09/01 10:02:57] Total 12100 files processed
[INFO]-[2021/09/01 10:02:57] Total 12150 files processed
[INFO]-[2021/09/01 10:02:58] Total 12200 files processed
[INFO]-[2021/09/01 10:02:58] Total 12250 files processed
[INFO]-[2021/09/01 10:02:58] Total 12300 files processed
[INFO]-[2021/09/01 10:02:59] Total 12350 files processed
[INFO]-[2021/09/01 10:02:59] Total 12400 files processed
[INFO]-[2021/09/01 10:02:59] Total 12450 files processed
[INFO]-[2021/09/01 10:02:59] Total 12500 files processed
[INFO]-[2021/09/01 10:03:00] Total 12550 files processed
[INFO]-[2021/09/01 10:03:00] Total 12600 files processed
[INFO]-[2021/09/01 10:03:00] Total 12650 files processed
[INFO]-[2021/09/01 10:03:01] Total 12700 files processed
[INFO]-[2021/09/01 10:03:01] Total 12750 files processed
[INFO]-[2021/09/01 10:03:01] Total 12800 files processed
[INFO]-[2021/09/01 10:03:02] Total 12850 files processed
[INFO]-[2021/09/01 10:03:02] Total 12900 files processed
[INFO]-[2021/09/01 10:03:02] Total 12950 files processed
[INFO]-[2021/09/01 10:03:03] Total 13000 files processed
[INFO]-[2021/09/01 10:03:03] Total 13050 files processed
[INFO]-[2021/09/01 10:03:03] Total 13100 files processed
[INFO]-[2021/09/01 10:03:03] Total 13150 files processed
[INFO]-[2021/09/01 10:03:04] Total 13200 files processed
[INFO]-[2021/09/01 10:03:04] Total 13250 files processed
[INFO]-[2021/09/01 10:03:04] Total 13300 files processed
[INFO]-[2021/09/01 10:03:05] Total 13350 files processed
[INFO]-[2021/09/01 10:03:05] Total 13400 files processed
[INFO]-[2021/09/01 10:03:05] Total 13450 files processed
[INFO]-[2021/09/01 10:03:05] Total 13500 files processed
[INFO]-[2021/09/01 10:03:06] Total 13550 files processed
[INFO]-[2021/09/01 10:03:06] Total 13600 files processed
[INFO]-[2021/09/01 10:03:06] Total 13650 files processed
[INFO]-[2021/09/01 10:03:07] Total 13700 files processed
[INFO]-[2021/09/01 10:03:07] Total 13750 files processed
[INFO]-[2021/09/01 10:03:07] Total 13800 files processed
[INFO]-[2021/09/01 10:03:07] Total 13850 files processed
[INFO]-[2021/09/01 10:03:08] Total 13900 files processed
[INFO]-[2021/09/01 10:03:08] Total 13950 files processed
[INFO]-[2021/09/01 10:03:08] Total 14000 files processed
[INFO]-[2021/09/01 10:03:09] Total 14050 files processed
[INFO]-[2021/09/01 10:03:09] Total 14100 files processed
[INFO]-[2021/09/01 10:03:09] Total 14150 files processed
[INFO]-[2021/09/01 10:03:10] Total 14200 files processed
[INFO]-[2021/09/01 10:03:10] Total 14250 files processed
[INFO]-[2021/09/01 10:03:10] Total 14300 files processed
[INFO]-[2021/09/01 10:03:10] Total 14350 files processed
[INFO]-[2021/09/01 10:03:11] Total 14400 files processed
[INFO]-[2021/09/01 10:03:11] Total 14450 files processed
[INFO]-[2021/09/01 10:03:11] Total 14500 files processed
[INFO]-[2021/09/01 10:03:12] Total 14550 files processed
[INFO]-[2021/09/01 10:03:12] Total 14600 files processed
[INFO]-[2021/09/01 10:03:12] Total 14650 files processed
[INFO]-[2021/09/01 10:03:12] Total 14700 files processed
[INFO]-[2021/09/01 10:03:13] Total 14750 files processed
[INFO]-[2021/09/01 10:03:13] Total 14800 files processed
[INFO]-[2021/09/01 10:03:13] Total 14850 files processed
[INFO]-[2021/09/01 10:03:14] Total 14900 files processed
[INFO]-[2021/09/01 10:03:14] Total 14950 files processed
[INFO]-[2021/09/01 10:03:14] Total 15000 files processed
[INFO]-[2021/09/01 10:03:15] Total 15050 files processed
[INFO]-[2021/09/01 10:03:15] Total 15100 files processed
[INFO]-[2021/09/01 10:03:15] Total 15150 files processed
[INFO]-[2021/09/01 10:03:15] Total 15200 files processed
[INFO]-[2021/09/01 10:03:16] Total 15250 files processed
[INFO]-[2021/09/01 10:03:16] Total 15300 files processed
[INFO]-[2021/09/01 10:03:16] Total 15350 files processed
[INFO]-[2021/09/01 10:03:17] Total 15400 files processed
[INFO]-[2021/09/01 10:03:17] Total 15450 files processed
[INFO]-[2021/09/01 10:03:17] Total 15500 files processed
[INFO]-[2021/09/01 10:03:17] Total 15550 files processed
[INFO]-[2021/09/01 10:03:18] Total 15600 files processed
[INFO]-[2021/09/01 10:03:18] Total 15650 files processed
[INFO]-[2021/09/01 10:03:18] Total 15700 files processed
[INFO]-[2021/09/01 10:03:19] Total 15750 files processed
[INFO]-[2021/09/01 10:03:19] Total 15800 files processed
[INFO]-[2021/09/01 10:03:19] Total 15850 files processed
[INFO]-[2021/09/01 10:03:20] Total 15900 files processed
[INFO]-[2021/09/01 10:03:20] Total 15950 files processed
[INFO]-[2021/09/01 10:03:20] Total 16000 files processed
[INFO]-[2021/09/01 10:03:20] Total 16050 files processed
[INFO]-[2021/09/01 10:03:21] Total 16100 files processed
[INFO]-[2021/09/01 10:03:21] Total 16150 files processed
[INFO]-[2021/09/01 10:03:21] Total 16200 files processed
[INFO]-[2021/09/01 10:03:22] Total 16250 files processed
[INFO]-[2021/09/01 10:03:22] Total 16300 files processed
[INFO]-[2021/09/01 10:03:22] Total 16350 files processed
[INFO]-[2021/09/01 10:03:23] Total 16400 files processed
[INFO]-[2021/09/01 10:03:23] Total 16450 files processed
[INFO]-[2021/09/01 10:03:23] Total 16500 files processed
[INFO]-[2021/09/01 10:03:24] Total 16550 files processed
[INFO]-[2021/09/01 10:03:24] Total 16600 files processed
[INFO]-[2021/09/01 10:03:24] Total 16650 files processed
[INFO]-[2021/09/01 10:03:25] Total 16700 files processed
[INFO]-[2021/09/01 10:03:25] Total 16750 files processed
[INFO]-[2021/09/01 10:03:25] Total 16800 files processed
[INFO]-[2021/09/01 10:03:25] Total 16850 files processed
[INFO]-[2021/09/01 10:03:26] Total 16900 files processed
[INFO]-[2021/09/01 10:03:26] Total 16950 files processed
[INFO]-[2021/09/01 10:03:26] Total 17000 files processed
[INFO]-[2021/09/01 10:03:27] Total 17050 files processed
[INFO]-[2021/09/01 10:03:27] Total 17100 files processed
[INFO]-[2021/09/01 10:03:27] Total 17150 files processed
[INFO]-[2021/09/01 10:03:27] Total 17200 files processed
[INFO]-[2021/09/01 10:03:28] Total 17250 files processed
[INFO]-[2021/09/01 10:03:28] Total 17300 files processed
[INFO]-[2021/09/01 10:03:28] Total 17350 files processed
[INFO]-[2021/09/01 10:03:29] Total 17400 files processed
[INFO]-[2021/09/01 10:03:29] Total 17450 files processed
[INFO]-[2021/09/01 10:03:29] Total 17500 files processed
[INFO]-[2021/09/01 10:03:29] Total 17550 files processed
[INFO]-[2021/09/01 10:03:30] Total 17600 files processed
[INFO]-[2021/09/01 10:03:30] Total 17650 files processed
[INFO]-[2021/09/01 10:03:30] Total 17700 files processed
[INFO]-[2021/09/01 10:03:31] Total 17750 files processed
[INFO]-[2021/09/01 10:03:31] Total 17800 files processed
[INFO]-[2021/09/01 10:03:31] Total 17850 files processed
[INFO]-[2021/09/01 10:03:32] Total 17900 files processed
[INFO]-[2021/09/01 10:03:32] Total 17950 files processed
[INFO]-[2021/09/01 10:03:32] Total 18000 files processed
[INFO]-[2021/09/01 10:03:32] Total 18050 files processed
[INFO]-[2021/09/01 10:03:33] Total 18100 files processed
[INFO]-[2021/09/01 10:03:33] Total 18150 files processed
[INFO]-[2021/09/01 10:03:33] Total 18200 files processed
[INFO]-[2021/09/01 10:03:34] Total 18250 files processed
[INFO]-[2021/09/01 10:03:34] Total 18300 files processed
[INFO]-[2021/09/01 10:03:34] Total 18350 files processed
[INFO]-[2021/09/01 10:03:34] Total 18400 files processed
[INFO]-[2021/09/01 10:03:35] Total 18450 files processed
[INFO]-[2021/09/01 10:03:35] Total 18500 files processed
[INFO]-[2021/09/01 10:03:35] Total 18550 files processed
[INFO]-[2021/09/01 10:03:36] Total 18600 files processed
[INFO]-[2021/09/01 10:03:36] Total 18650 files processed
[INFO]-[2021/09/01 10:03:36] Total 18700 files processed
[INFO]-[2021/09/01 10:03:36] Total 18750 files processed
[INFO]-[2021/09/01 10:03:37] Total 18800 files processed
[INFO]-[2021/09/01 10:03:37] Total 18850 files processed
[INFO]-[2021/09/01 10:03:37] Total 18900 files processed
[INFO]-[2021/09/01 10:03:38] Total 18950 files processed
[INFO]-[2021/09/01 10:03:38] Total 19000 files processed
[INFO]-[2021/09/01 10:03:38] Total 19050 files processed
[INFO]-[2021/09/01 10:03:39] Total 19100 files processed
[INFO]-[2021/09/01 10:03:39] Total 19150 files processed
[INFO]-[2021/09/01 10:03:39] Total 19200 files processed
[INFO]-[2021/09/01 10:03:39] Total 19250 files processed
[INFO]-[2021/09/01 10:03:40] Total 19300 files processed
[INFO]-[2021/09/01 10:03:40] Total 19350 files processed
[INFO]-[2021/09/01 10:03:40] Total 19400 files processed
[INFO]-[2021/09/01 10:03:41] Total 19450 files processed
[INFO]-[2021/09/01 10:03:41] Total 19500 files processed
[INFO]-[2021/09/01 10:03:41] Total 19550 files processed
[INFO]-[2021/09/01 10:03:42] Total 19600 files processed
[INFO]-[2021/09/01 10:03:42] Total 19650 files processed
[INFO]-[2021/09/01 10:03:42] Total 19700 files processed
[INFO]-[2021/09/01 10:03:42] Total 19750 files processed
[INFO]-[2021/09/01 10:03:43] Total 19800 files processed
[INFO]-[2021/09/01 10:03:43] Total 19850 files processed
[INFO]-[2021/09/01 10:03:43] Total 19900 files processed
[INFO]-[2021/09/01 10:03:44] Total 19950 files processed
[INFO]-[2021/09/01 10:03:44] Total 20000 files processed
[INFO]-[2021/09/01 10:03:44] Total 20050 files processed
[INFO]-[2021/09/01 10:03:44] Total 20100 files processed
[INFO]-[2021/09/01 10:03:45] Total 20150 files processed
[INFO]-[2021/09/01 10:03:45] Total 20200 files processed
[INFO]-[2021/09/01 10:03:45] Total 20250 files processed
[INFO]-[2021/09/01 10:03:46] Total 20300 files processed
[INFO]-[2021/09/01 10:03:46] Total 20350 files processed
[INFO]-[2021/09/01 10:03:46] Total 20400 files processed
[INFO]-[2021/09/01 10:03:46] Total 20450 files processed
[INFO]-[2021/09/01 10:03:47] Total 20500 files processed
[INFO]-[2021/09/01 10:03:47] Total 20550 files processed
[INFO]-[2021/09/01 10:03:47] Total 20600 files processed
[INFO]-[2021/09/01 10:03:48] Total 20650 files processed
[INFO]-[2021/09/01 10:03:48] Total 20700 files processed
[INFO]-[2021/09/01 10:03:48] Total 20750 files processed
[INFO]-[2021/09/01 10:03:49] Total 20800 files processed
[INFO]-[2021/09/01 10:03:49] Total 20850 files processed
[INFO]-[2021/09/01 10:03:49] Total 20900 files processed
[INFO]-[2021/09/01 10:03:49] Total 20950 files processed
[INFO]-[2021/09/01 10:03:50] Total 21000 files processed
[INFO]-[2021/09/01 10:03:50] Total 21050 files processed
[INFO]-[2021/09/01 10:03:50] Total 21100 files processed
[INFO]-[2021/09/01 10:03:51] Total 21150 files processed
[INFO]-[2021/09/01 10:03:51] Total 21200 files processed
[INFO]-[2021/09/01 10:03:51] Total 21250 files processed
[INFO]-[2021/09/01 10:03:51] Total 21300 files processed
[INFO]-[2021/09/01 10:03:52] Total 21350 files processed
[INFO]-[2021/09/01 10:03:52] Total 21400 files processed
[INFO]-[2021/09/01 10:03:52] Total 21450 files processed
[INFO]-[2021/09/01 10:03:53] Total 21500 files processed
[INFO]-[2021/09/01 10:03:53] Total 21550 files processed
[INFO]-[2021/09/01 10:03:54] Total 21600 files processed
[INFO]-[2021/09/01 10:03:54] Total 21650 files processed
[INFO]-[2021/09/01 10:03:54] Total 21700 files processed
[INFO]-[2021/09/01 10:03:54] Total 21750 files processed
[INFO]-[2021/09/01 10:03:55] Total 21800 files processed
[INFO]-[2021/09/01 10:03:55] Total 21850 files processed
[INFO]-[2021/09/01 10:03:55] Total 21900 files processed
[INFO]-[2021/09/01 10:03:56] Total 21950 files processed
[INFO]-[2021/09/01 10:03:56] Total 22000 files processed
[INFO]-[2021/09/01 10:03:56] Total 22050 files processed
[INFO]-[2021/09/01 10:03:57] Total 22100 files processed
[INFO]-[2021/09/01 10:03:57] Total 22150 files processed
[INFO]-[2021/09/01 10:03:57] Total 22200 files processed
[INFO]-[2021/09/01 10:03:57] Total 22250 files processed
[INFO]-[2021/09/01 10:03:58] Total 22300 files processed
[INFO]-[2021/09/01 10:03:58] Total 22350 files processed
[INFO]-[2021/09/01 10:03:58] Total 22400 files processed
[INFO]-[2021/09/01 10:03:59] Total 22450 files processed
[INFO]-[2021/09/01 10:03:59] Total 22500 files processed
[INFO]-[2021/09/01 10:03:59] Total 22550 files processed
[INFO]-[2021/09/01 10:03:59] Total 22600 files processed
[INFO]-[2021/09/01 10:04:00] Total 22650 files processed
[INFO]-[2021/09/01 10:04:00] Total 22700 files processed
[INFO]-[2021/09/01 10:04:00] Total 22750 files processed
[INFO]-[2021/09/01 10:04:01] Total 22800 files processed
[INFO]-[2021/09/01 10:04:01] Total 22850 files processed
[INFO]-[2021/09/01 10:04:01] Total 22900 files processed
[INFO]-[2021/09/01 10:04:02] Total 22950 files processed
[INFO]-[2021/09/01 10:04:02] Total 23000 files processed
[INFO]-[2021/09/01 10:04:02] Total 23050 files processed
[INFO]-[2021/09/01 10:04:03] Total 23100 files processed
[INFO]-[2021/09/01 10:04:03] Total 23150 files processed
[INFO]-[2021/09/01 10:04:03] Total 23200 files processed
[INFO]-[2021/09/01 10:04:04] Total 23250 files processed
[INFO]-[2021/09/01 10:04:04] Total 23300 files processed
[INFO]-[2021/09/01 10:04:04] Skipping big file: /opt/bitnami/wordpress/wp-content/backups-dup-lite/20210901_4d782b0fd23496a72231_20210901044826_archive.zip
[INFO]-[2021/09/01 10:04:04] Skipping big file: /opt/bitnami/wordpress/wp-content/backups-dup-lite/20210901backup_661be49b0be0f5d69955_20210901095437_archive.zip
[INFO]-[2021/09/01 10:04:04] Skipping big file: /opt/bitnami/wordpress/wp-content/backups-dup-lite/20210826_648f89072907bf6d4013_20210826031327_database.sql
[INFO]-[2021/09/01 10:04:04] Skipping big file: /opt/bitnami/wordpress/wp-content/backups-dup-lite/20210826_1a585d8923e361f18049_20210826021230_archive.zip
[INFO]-[2021/09/01 10:04:04] Skipping big file: /opt/bitnami/wordpress/wp-content/backups-dup-lite/20210826_648f89072907bf6d4013_20210826031327_archive.zip
[INFO]-[2021/09/01 10:04:04] Skipping big file: /opt/bitnami/wordpress/wp-content/backups-dup-lite/20210826_91a03fc34b0b66928001_20210826135905_archive.zip
[INFO]-[2021/09/01 10:04:04] Skipping big file: /opt/bitnami/wordpress/wp-content/backups-dup-lite/20210901_4d782b0fd23496a72231_20210901044826_database.sql
[INFO]-[2021/09/01 10:04:04] Skipping big file: /opt/bitnami/wordpress/wp-content/backups-dup-lite/20210901_no_page_30164bc6d109f2436631_20210901045501_database.sql
[INFO]-[2021/09/01 10:04:04] Skipping big file: /opt/bitnami/wordpress/wp-content/backups-dup-lite/20210826_1a585d8923e361f18049_20210826021230_database.sql
[INFO]-[2021/09/01 10:04:04] Skipping big file: /opt/bitnami/wordpress/wp-content/backups-dup-lite/20210901backup_661be49b0be0f5d69955_20210901095437_database.sql
[INFO]-[2021/09/01 10:04:04] Skipping big file: /opt/bitnami/wordpress/wp-content/backups-dup-lite/20210826_91a03fc34b0b66928001_20210826135905_database.sql
[INFO]-[2021/09/01 10:04:04] Skipping big file: /opt/bitnami/wordpress/wp-content/backups-dup-lite/20210901_no_page_30164bc6d109f2436631_20210901045501_archive.zip
[INFO]-[2021/09/01 10:04:04] Skipping big file: /opt/bitnami/wordpress/wp-content/ai1wm-backups/18.118.209.212-20210826-030353-x54liu.wpress
[INFO]-[2021/09/01 10:04:04] Skipping big file: /opt/bitnami/wordpress/wp-content/ai1wm-backups/18.118.209.212-20210825-205122-ar53cz.wpress
[INFO]-[2021/09/01 10:04:04] Total 23350 files processed
[INFO]-[2021/09/01 10:04:05] Total 23400 files processed
[INFO]-[2021/09/01 10:04:05] Total 23450 files processed
[INFO]-[2021/09/01 10:04:05] Total 23500 files processed
[INFO]-[2021/09/01 10:04:05] Total 23550 files processed
[INFO]-[2021/09/01 10:04:06] Total 23600 files processed
[INFO]-[2021/09/01 10:04:06] Total 23650 files processed
[INFO]-[2021/09/01 10:04:06] Total 23700 files processed
[INFO]-[2021/09/01 10:04:07] Total 23750 files processed
[INFO]-[2021/09/01 10:04:07] Total 23800 files processed
[INFO]-[2021/09/01 10:04:07] Total 23850 files processed
[INFO]-[2021/09/01 10:04:08] Total 23900 files processed
[INFO]-[2021/09/01 10:04:08] Total 23950 files processed
[INFO]-[2021/09/01 10:04:08] Total 24000 files processed
[INFO]-[2021/09/01 10:04:08] Total 24050 files processed
[INFO]-[2021/09/01 10:04:09] Total 24100 files processed
[INFO]-[2021/09/01 10:04:09] Total 24150 files processed
[INFO]-[2021/09/01 10:04:09] Total 24200 files processed
[INFO]-[2021/09/01 10:04:10] Total 24250 files processed
[INFO]-[2021/09/01 10:04:10] Total 24300 files processed
[INFO]-[2021/09/01 10:04:10] Total 24350 files processed
[INFO]-[2021/09/01 10:04:10] Total 24400 files processed
[INFO]-[2021/09/01 10:04:11] Total 24450 files processed
[INFO]-[2021/09/01 10:04:11] Total 24500 files processed
[INFO]-[2021/09/01 10:04:11] Total 24550 files processed
[INFO]-[2021/09/01 10:04:12] Total 24600 files processed
[INFO]-[2021/09/01 10:04:12] Total 24650 files processed
[INFO]-[2021/09/01 10:04:12] Total 24700 files processed
[INFO]-[2021/09/01 10:04:13] Total 24750 files processed
[INFO]-[2021/09/01 10:04:13] Total 24800 files processed
[INFO]-[2021/09/01 10:04:13] Total 24850 files processed
[INFO]-[2021/09/01 10:04:14] Total 24900 files processed
[INFO]-[2021/09/01 10:04:14] Total 24950 files processed
[INFO]-[2021/09/01 10:04:14] Total 25000 files processed
[INFO]-[2021/09/01 10:04:14] Total 25050 files processed
[INFO]-[2021/09/01 10:04:15] Total 25100 files processed
[INFO]-[2021/09/01 10:04:15] Total 25150 files processed
[INFO]-[2021/09/01 10:04:15] Total 25200 files processed
[INFO]-[2021/09/01 10:04:16] Total 25250 files processed
[INFO]-[2021/09/01 10:04:16] Total 25300 files processed
[INFO]-[2021/09/01 10:04:16] Total 25350 files processed
[INFO]-[2021/09/01 10:04:16] Total 25400 files processed
[INFO]-[2021/09/01 10:04:17] Total 25450 files processed
[INFO]-[2021/09/01 10:04:17] Total 25500 files processed
[INFO]-[2021/09/01 10:04:17] Total 25550 files processed
[WARNING]-[2021/09/01 10:04:18] File doesn't exist /opt/bitnami/wordpress/
[INFO]-[2021/09/01 10:04:18] Skipped symlinking Wp Uploads Folder
[INFO]-[2021/09/01 10:04:18] Copying files finished
[INFO]-[2021/09/01 10:04:18] DB Data Step0: Copy wp-config.php file
[INFO]-[2021/09/01 10:04:18] DB Data Step0: Can not find /opt/bitnami/wordpress/wpclone/wp-config.php
[INFO]-[2021/09/01 10:04:18] DB Data Step0: Can not find /opt/bitnami/wp-config.php
[INFO]-[2021/09/01 10:04:18] DB Data Step0: Copy default wp-config.php file from source /bitnami/wordpress/wp-content/plugins/wp-staging/Backend/helpers/wp-config.php to /opt/bitnami/wordpress/wpclone/wp-config.php
[INFO]-[2021/09/01 10:04:18] DB Data Step1: Updating siteurl and homeurl in wpstg0_options to http://18.118.209.212/wpclone
[INFO]-[2021/09/01 10:04:19] DB Data Step2: Updating wpstg0_options 
[INFO]-[2021/09/01 10:04:19] DB Data Step3: Updating db prefix in wpstg0_usermeta.
[INFO]-[2021/09/01 10:04:19] DB Data Step4: Updating table_prefix in /opt/bitnami/wordpress/wpclone/wp-config.php to wpstg0_
[INFO]-[2021/09/01 10:04:20] DB Data Step5: WP installation is not in a subdirectory! Skipping this step
[INFO]-[2021/09/01 10:04:20] DB Data Step6: Updating db prefix in wpstg0_options.
[INFO]-[2021/09/01 10:04:20] DB Data Step7: Updating constants in wp-config.php
[INFO]-[2021/09/01 10:04:20] DB Data Step7: Added:UPLOADS
[INFO]-[2021/09/01 10:04:20] DB Data Step7: Added:WP_PLUGIN_DIR
[INFO]-[2021/09/01 10:04:20] DB Data Step7: Added:WP_LANG_DIR
[INFO]-[2021/09/01 10:04:20] DB Data Step7: Added:WP_HOME
[INFO]-[2021/09/01 10:04:20] DB Data Step7: Added:WP_SITEURL
[INFO]-[2021/09/01 10:04:20] DB Data Step7: Added:WP_CACHE
[INFO]-[2021/09/01 10:04:20] DB Data Step7: Added:WP_ENVIRONMENT_TYPE
[INFO]-[2021/09/01 10:04:20] DB Data Step7: Skipping: WP_ALLOW_MULTISITE not defined in wp-config.php.
[INFO]-[2021/09/01 10:04:20] DB Data Step7: Skipping: MULTISITE not defined in wp-config.php.
[INFO]-[2021/09/01 10:04:21] Finish: Deleting clone job's cache files...
[INFO]-[2021/09/01 10:04:21] Finish: Clone job's cache files have been deleted!
[INFO]-[2021/09/01 10:04:21] Finish: Verifying existing clones...
[INFO]-[2021/09/01 10:04:21] Finish: The job finished!
